# JRE version: Java(TM) SE Runtime Environment (8.0_291-b10) (build 1.8.0_291-b10)
# Java VM: Java HotSpot(TM) Client VM (25.291-b10 mixed mode, sharing windows-x86 )
Heap:
 def new generation   total 15872K, used 7526K [0x04e00000, 0x05f30000, 0x0a350000)
  eden space 14144K,  41% used [0x04e00000, 0x053c22c8, 0x05bd0000)
  from space 1728K,  94% used [0x05d80000, 0x05f17590, 0x05f30000)
  to   space 1728K,   0% used [0x05bd0000, 0x05bd0000, 0x05d80000)
 tenured generation   total 35064K, used 34469K [0x0a350000, 0x0c58e000, 0x14e00000)
   the space 35064K,  98% used [0x0a350000, 0x0c4f96c8, 0x0c4f9800, 0x0c58e000)
 Metaspace       used 4969K, capacity 5800K, committed 5888K, reserved 6528K
GC Heap History (10 events):
Event: 4.490 GC heap before
{Heap before GC invocations=34 (full 6):
 def new generation   total 15872K, used 12694K [0x04e00000, 0x05f30000, 0x0a350000)
  eden space 14144K,  86% used [0x04e00000, 0x059f6690, 0x05bd0000)
  from space 1728K,  25% used [0x05bd0000, 0x05c3f330, 0x05d80000)
  to   space 1728K,   0% used [0x05d80000, 0x05d80000, 0x05f30000)
 tenured generation   total 35064K, used 31511K [0x0a350000, 0x0c58e000, 0x14e00000)
   the space 35064K,  89% used [0x0a350000, 0x0c215e18, 0x0c216000, 0x0c58e000)
 Metaspace       used 4468K, capacity 5404K, committed 5504K, reserved 5504K
Event: 4.491 GC heap after
Heap after GC invocations=35 (full 6):
 def new generation   total 15872K, used 452K [0x04e00000, 0x05f30000, 0x0a350000)
  eden space 14144K,   0% used [0x04e00000, 0x04e00000, 0x05bd0000)
  from space 1728K,  26% used [0x05d80000, 0x05df10a8, 0x05f30000)
  to   space 1728K,   0% used [0x05bd0000, 0x05bd0000, 0x05d80000)
 tenured generation   total 35064K, used 31511K [0x0a350000, 0x0c58e000, 0x14e00000)
   the space 35064K,  89% used [0x0a350000, 0x0c215e18, 0x0c216000, 0x0c58e000)
 Metaspace       used 4468K, capacity 5404K, committed 5504K, reserved 5504K
}
Event: 4.533 GC heap before
{Heap before GC invocations=35 (full 6):
 def new generation   total 15872K, used 11607K [0x04e00000, 0x05f30000, 0x0a350000)
  eden space 14144K,  78% used [0x04e00000, 0x058e4c18, 0x05bd0000)
  from space 1728K,  26% used [0x05d80000, 0x05df10a8, 0x05f30000)
  to   space 1728K,   0% used [0x05bd0000, 0x05bd0000, 0x05d80000)
 tenured generation   total 35064K, used 31511K [0x0a350000, 0x0c58e000, 0x14e00000)
   the space 35064K,  89% used [0x0a350000, 0x0c215e18, 0x0c216000, 0x0c58e000)
 Metaspace       used 4468K, capacity 5404K, committed 5504K, reserved 5504K
Event: 4.533 GC heap after
Heap after GC invocations=36 (full 6):
 def new generation   total 15872K, used 454K [0x04e00000, 0x05f30000, 0x0a350000)
  eden space 14144K,   0% used [0x04e00000, 0x04e00000, 0x05bd0000)
  from space 1728K,  26% used [0x05bd0000, 0x05c41ae0, 0x05d80000)
  to   space 1728K,   0% used [0x05d80000, 0x05d80000, 0x05f30000)
 tenured generation   total 35064K, used 31511K [0x0a350000, 0x0c58e000, 0x14e00000)
   the space 35064K,  89% used [0x0a350000, 0x0c215e18, 0x0c216000, 0x0c58e000)
 Metaspace       used 4468K, capacity 5404K, committed 5504K, reserved 5504K
}
Event: 4.587 GC heap before
{Heap before GC invocations=36 (full 6):
 def new generation   total 15872K, used 11849K [0x04e00000, 0x05f30000, 0x0a350000)
  eden space 14144K,  80% used [0x04e00000, 0x05920980, 0x05bd0000)
  from space 1728K,  26% used [0x05bd0000, 0x05c41ae0, 0x05d80000)
  to   space 1728K,   0% used [0x05d80000, 0x05d80000, 0x05f30000)
 tenured generation   total 35064K, used 31511K [0x0a350000, 0x0c58e000, 0x14e00000)
   the space 35064K,  89% used [0x0a350000, 0x0c215e18, 0x0c216000, 0x0c58e000)
 Metaspace       used 4579K, capacity 5436K, committed 5504K, reserved 5504K
Event: 4.597 GC heap after
Heap after GC invocations=37 (full 7):
 def new generation   total 15872K, used 0K [0x04e00000, 0x05f30000, 0x0a350000)
  eden space 14144K,   0% used [0x04e00000, 0x04e00000, 0x05bd0000)
  from space 1728K,   0% used [0x05d80000, 0x05d80000, 0x05f30000)
  to   space 1728K,   0% used [0x05bd0000, 0x05bd0000, 0x05d80000)
 tenured generation   total 35064K, used 18652K [0x0a350000, 0x0c58e000, 0x14e00000)
   the space 35064K,  53% used [0x0a350000, 0x0b587260, 0x0b587400, 0x0c58e000)
 Metaspace       used 4579K, capacity 5436K, committed 5504K, reserved 5504K
}
Event: 4.686 GC heap before
{Heap before GC invocations=37 (full 7):
 def new generation   total 15872K, used 14144K [0x04e00000, 0x05f30000, 0x0a350000)
  eden space 14144K, 100% used [0x04e00000, 0x05bd0000, 0x05bd0000)
  from space 1728K,   0% used [0x05d80000, 0x05d80000, 0x05f30000)
  to   space 1728K,   0% used [0x05bd0000, 0x05bd0000, 0x05d80000)
 tenured generation   total 35064K, used 34469K [0x0a350000, 0x0c58e000, 0x14e00000)
   the space 35064K,  98% used [0x0a350000, 0x0c4f96c8, 0x0c4f9800, 0x0c58e000)
 Metaspace       used 4594K, capacity 5436K, committed 5504K, reserved 5504K
Event: 4.687 GC heap after
Heap after GC invocations=38 (full 7):
 def new generation   total 15872K, used 581K [0x04e00000, 0x05f30000, 0x0a350000)
  eden space 14144K,   0% used [0x04e00000, 0x04e00000, 0x05bd0000)
  from space 1728K,  33% used [0x05bd0000, 0x05c614a8, 0x05d80000)
  to   space 1728K,   0% used [0x05d80000, 0x05d80000, 0x05f30000)
 tenured generation   total 35064K, used 34469K [0x0a350000, 0x0c58e000, 0x14e00000)
   the space 35064K,  98% used [0x0a350000, 0x0c4f96c8, 0x0c4f9800, 0x0c58e000)
 Metaspace       used 4594K, capacity 5436K, committed 5504K, reserved 5504K
}
Event: 5.014 GC heap before
{Heap before GC invocations=38 (full 7):
 def new generation   total 15872K, used 14725K [0x04e00000, 0x05f30000, 0x0a350000)
  eden space 14144K, 100% used [0x04e00000, 0x05bd0000, 0x05bd0000)
  from space 1728K,  33% used [0x05bd0000, 0x05c614a8, 0x05d80000)
  to   space 1728K,   0% used [0x05d80000, 0x05d80000, 0x05f30000)
 tenured generation   total 35064K, used 34469K [0x0a350000, 0x0c58e000, 0x14e00000)
   the space 35064K,  98% used [0x0a350000, 0x0c4f96c8, 0x0c4f9800, 0x0c58e000)
 Metaspace       used 4936K, capacity 5800K, committed 5888K, reserved 6528K
Event: 5.016 GC heap after
Heap after GC invocations=39 (full 7):
 def new generation   total 15872K, used 1629K [0x04e00000, 0x05f30000, 0x0a350000)
  eden space 14144K,   0% used [0x04e00000, 0x04e00000, 0x05bd0000)
  from space 1728K,  94% used [0x05d80000, 0x05f17590, 0x05f30000)
  to   space 1728K,   0% used [0x05bd0000, 0x05bd0000, 0x05d80000)
 tenured generation   total 35064K, used 34469K [0x0a350000, 0x0c58e000, 0x14e00000)
   the space 35064K,  98% used [0x0a350000, 0x0c4f96c8, 0x0c4f9800, 0x0c58e000)
 Metaspace       used 4936K, capacity 5800K, committed 5888K, reserved 6528K
}

