# JRE version: Java(TM) SE Runtime Environment (8.0_291-b10) (build 1.8.0_291-b10)
# Java VM: Java HotSpot(TM) Client VM (25.291-b10 mixed mode, sharing windows-x86 )
Heap:
 def new generation   total 15808K, used 4068K [0x04800000, 0x05920000, 0x09d50000)
  eden space 14080K,  18% used [0x04800000, 0x04a8b998, 0x055c0000)
  from space 1728K,  84% used [0x05770000, 0x058dd950, 0x05920000)
  to   space 1728K,   0% used [0x055c0000, 0x055c0000, 0x05770000)
 tenured generation   total 35040K, used 34456K [0x09d50000, 0x0bf88000, 0x14800000)
   the space 35040K,  98% used [0x09d50000, 0x0bef60a0, 0x0bef6200, 0x0bf88000)
 Metaspace       used 4959K, capacity 5795K, committed 5888K, reserved 6528K
GC Heap History (10 events):
Event: 3.022 GC heap before
{Heap before GC invocations=34 (full 6):
 def new generation   total 15808K, used 12558K [0x04800000, 0x05920000, 0x09d50000)
  eden space 14080K,  86% used [0x04800000, 0x053d4848, 0x055c0000)
  from space 1728K,  25% used [0x055c0000, 0x0562f330, 0x05770000)
  to   space 1728K,   0% used [0x05770000, 0x05770000, 0x05920000)
 tenured generation   total 35040K, used 31489K [0x09d50000, 0x0bf88000, 0x14800000)
   the space 35040K,  89% used [0x09d50000, 0x0bc10698, 0x0bc10800, 0x0bf88000)
 Metaspace       used 4466K, capacity 5404K, committed 5504K, reserved 5504K
Event: 3.022 GC heap after
Heap after GC invocations=35 (full 6):
 def new generation   total 15808K, used 452K [0x04800000, 0x05920000, 0x09d50000)
  eden space 14080K,   0% used [0x04800000, 0x04800000, 0x055c0000)
  from space 1728K,  26% used [0x05770000, 0x057e10a8, 0x05920000)
  to   space 1728K,   0% used [0x055c0000, 0x055c0000, 0x05770000)
 tenured generation   total 35040K, used 31489K [0x09d50000, 0x0bf88000, 0x14800000)
   the space 35040K,  89% used [0x09d50000, 0x0bc10698, 0x0bc10800, 0x0bf88000)
 Metaspace       used 4466K, capacity 5404K, committed 5504K, reserved 5504K
}
Event: 3.067 GC heap before
{Heap before GC invocations=35 (full 6):
 def new generation   total 15808K, used 11457K [0x04800000, 0x05920000, 0x09d50000)
  eden space 14080K,  78% used [0x04800000, 0x052bf5b0, 0x055c0000)
  from space 1728K,  26% used [0x05770000, 0x057e10a8, 0x05920000)
  to   space 1728K,   0% used [0x055c0000, 0x055c0000, 0x05770000)
 tenured generation   total 35040K, used 31489K [0x09d50000, 0x0bf88000, 0x14800000)
   the space 35040K,  89% used [0x09d50000, 0x0bc10698, 0x0bc10800, 0x0bf88000)
 Metaspace       used 4466K, capacity 5404K, committed 5504K, reserved 5504K
Event: 3.067 GC heap after
Heap after GC invocations=36 (full 6):
 def new generation   total 15808K, used 454K [0x04800000, 0x05920000, 0x09d50000)
  eden space 14080K,   0% used [0x04800000, 0x04800000, 0x055c0000)
  from space 1728K,  26% used [0x055c0000, 0x05631ab0, 0x05770000)
  to   space 1728K,   0% used [0x05770000, 0x05770000, 0x05920000)
 tenured generation   total 35040K, used 31489K [0x09d50000, 0x0bf88000, 0x14800000)
   the space 35040K,  89% used [0x09d50000, 0x0bc10698, 0x0bc10800, 0x0bf88000)
 Metaspace       used 4466K, capacity 5404K, committed 5504K, reserved 5504K
}
Event: 3.123 GC heap before
{Heap before GC invocations=36 (full 6):
 def new generation   total 15808K, used 12087K [0x04800000, 0x05920000, 0x09d50000)
  eden space 14080K,  82% used [0x04800000, 0x0535c2e8, 0x055c0000)
  from space 1728K,  26% used [0x055c0000, 0x05631ab0, 0x05770000)
  to   space 1728K,   0% used [0x05770000, 0x05770000, 0x05920000)
 tenured generation   total 35040K, used 31489K [0x09d50000, 0x0bf88000, 0x14800000)
   the space 35040K,  89% used [0x09d50000, 0x0bc10698, 0x0bc10800, 0x0bf88000)
 Metaspace       used 4577K, capacity 5436K, committed 5504K, reserved 5504K
Event: 3.133 GC heap after
Heap after GC invocations=37 (full 7):
 def new generation   total 15808K, used 0K [0x04800000, 0x05920000, 0x09d50000)
  eden space 14080K,   0% used [0x04800000, 0x04800000, 0x055c0000)
  from space 1728K,   0% used [0x05770000, 0x05770000, 0x05920000)
  to   space 1728K,   0% used [0x055c0000, 0x055c0000, 0x05770000)
 tenured generation   total 35040K, used 18639K [0x09d50000, 0x0bf88000, 0x14800000)
   the space 35040K,  53% used [0x09d50000, 0x0af83c38, 0x0af83e00, 0x0bf88000)
 Metaspace       used 4577K, capacity 5436K, committed 5504K, reserved 5504K
}
Event: 3.236 GC heap before
{Heap before GC invocations=37 (full 7):
 def new generation   total 15808K, used 14080K [0x04800000, 0x05920000, 0x09d50000)
  eden space 14080K, 100% used [0x04800000, 0x055c0000, 0x055c0000)
  from space 1728K,   0% used [0x05770000, 0x05770000, 0x05920000)
  to   space 1728K,   0% used [0x055c0000, 0x055c0000, 0x05770000)
 tenured generation   total 35040K, used 34456K [0x09d50000, 0x0bf88000, 0x14800000)
   the space 35040K,  98% used [0x09d50000, 0x0bef60a0, 0x0bef6200, 0x0bf88000)
 Metaspace       used 4592K, capacity 5436K, committed 5504K, reserved 5504K
Event: 3.237 GC heap after
Heap after GC invocations=38 (full 7):
 def new generation   total 15808K, used 581K [0x04800000, 0x05920000, 0x09d50000)
  eden space 14080K,   0% used [0x04800000, 0x04800000, 0x055c0000)
  from space 1728K,  33% used [0x055c0000, 0x056514a8, 0x05770000)
  to   space 1728K,   0% used [0x05770000, 0x05770000, 0x05920000)
 tenured generation   total 35040K, used 34456K [0x09d50000, 0x0bf88000, 0x14800000)
   the space 35040K,  98% used [0x09d50000, 0x0bef60a0, 0x0bef6200, 0x0bf88000)
 Metaspace       used 4592K, capacity 5436K, committed 5504K, reserved 5504K
}
Event: 3.792 GC heap before
{Heap before GC invocations=38 (full 7):
 def new generation   total 15808K, used 14661K [0x04800000, 0x05920000, 0x09d50000)
  eden space 14080K, 100% used [0x04800000, 0x055c0000, 0x055c0000)
  from space 1728K,  33% used [0x055c0000, 0x056514a8, 0x05770000)
  to   space 1728K,   0% used [0x05770000, 0x05770000, 0x05920000)
 tenured generation   total 35040K, used 34456K [0x09d50000, 0x0bf88000, 0x14800000)
   the space 35040K,  98% used [0x09d50000, 0x0bef60a0, 0x0bef6200, 0x0bf88000)
 Metaspace       used 4942K, capacity 5795K, committed 5888K, reserved 6528K
Event: 3.793 GC heap after
Heap after GC invocations=39 (full 7):
 def new generation   total 15808K, used 1462K [0x04800000, 0x05920000, 0x09d50000)
  eden space 14080K,   0% used [0x04800000, 0x04800000, 0x055c0000)
  from space 1728K,  84% used [0x05770000, 0x058dd950, 0x05920000)
  to   space 1728K,   0% used [0x055c0000, 0x055c0000, 0x05770000)
 tenured generation   total 35040K, used 34456K [0x09d50000, 0x0bf88000, 0x14800000)
   the space 35040K,  98% used [0x09d50000, 0x0bef60a0, 0x0bef6200, 0x0bf88000)
 Metaspace       used 4942K, capacity 5795K, committed 5888K, reserved 6528K
}

