# JRE version: Java(TM) SE Runtime Environment (8.0_291-b10) (build 1.8.0_291-b10)
# Java VM: Java HotSpot(TM) Client VM (25.291-b10 mixed mode, sharing windows-x86 )
Heap:
 def new generation   total 15808K, used 7648K [0x04a00000, 0x05b20000, 0x09f50000)
  eden space 14080K,  43% used [0x04a00000, 0x04fe9c10, 0x057c0000)
  from space 1728K,  92% used [0x057c0000, 0x0594e4a8, 0x05970000)
  to   space 1728K,   0% used [0x05970000, 0x05970000, 0x05b20000)
 tenured generation   total 35044K, used 34459K [0x09f50000, 0x0c189000, 0x14a00000)
   the space 35044K,  98% used [0x09f50000, 0x0c0f6ee0, 0x0c0f7000, 0x0c189000)
 Metaspace       used 4969K, capacity 5800K, committed 5888K, reserved 6528K
GC Heap History (10 events):
Event: 4.336 GC heap before
{Heap before GC invocations=34 (full 6):
 def new generation   total 15872K, used 12689K [0x04a00000, 0x05b30000, 0x09f50000)
  eden space 14144K,  86% used [0x04a00000, 0x055f5128, 0x057d0000)
  from space 1728K,  25% used [0x057d0000, 0x0583f330, 0x05980000)
  to   space 1728K,   0% used [0x05980000, 0x05980000, 0x05b30000)
 tenured generation   total 35044K, used 31493K [0x09f50000, 0x0c189000, 0x14a00000)
   the space 35044K,  89% used [0x09f50000, 0x0be114f0, 0x0be11600, 0x0c189000)
 Metaspace       used 4468K, capacity 5404K, committed 5504K, reserved 5504K
Event: 4.337 GC heap after
Heap after GC invocations=35 (full 6):
 def new generation   total 15872K, used 452K [0x04a00000, 0x05b30000, 0x09f50000)
  eden space 14144K,   0% used [0x04a00000, 0x04a00000, 0x057d0000)
  from space 1728K,  26% used [0x05980000, 0x059f10a8, 0x05b30000)
  to   space 1728K,   0% used [0x057d0000, 0x057d0000, 0x05980000)
 tenured generation   total 35044K, used 31493K [0x09f50000, 0x0c189000, 0x14a00000)
   the space 35044K,  89% used [0x09f50000, 0x0be114f0, 0x0be11600, 0x0c189000)
 Metaspace       used 4468K, capacity 5404K, committed 5504K, reserved 5504K
}
Event: 4.380 GC heap before
{Heap before GC invocations=35 (full 6):
 def new generation   total 15872K, used 11567K [0x04a00000, 0x05b30000, 0x09f50000)
  eden space 14144K,  78% used [0x04a00000, 0x054dab70, 0x057d0000)
  from space 1728K,  26% used [0x05980000, 0x059f10a8, 0x05b30000)
  to   space 1728K,   0% used [0x057d0000, 0x057d0000, 0x05980000)
 tenured generation   total 35044K, used 31493K [0x09f50000, 0x0c189000, 0x14a00000)
   the space 35044K,  89% used [0x09f50000, 0x0be114f0, 0x0be11600, 0x0c189000)
 Metaspace       used 4468K, capacity 5404K, committed 5504K, reserved 5504K
Event: 4.380 GC heap after
Heap after GC invocations=36 (full 6):
 def new generation   total 15872K, used 454K [0x04a00000, 0x05b30000, 0x09f50000)
  eden space 14144K,   0% used [0x04a00000, 0x04a00000, 0x057d0000)
  from space 1728K,  26% used [0x057d0000, 0x05841ab0, 0x05980000)
  to   space 1728K,   0% used [0x05980000, 0x05980000, 0x05b30000)
 tenured generation   total 35044K, used 31493K [0x09f50000, 0x0c189000, 0x14a00000)
   the space 35044K,  89% used [0x09f50000, 0x0be114f0, 0x0be11600, 0x0c189000)
 Metaspace       used 4468K, capacity 5404K, committed 5504K, reserved 5504K
}
Event: 4.434 GC heap before
{Heap before GC invocations=36 (full 6):
 def new generation   total 15872K, used 12100K [0x04a00000, 0x05b30000, 0x09f50000)
  eden space 14144K,  82% used [0x04a00000, 0x0555f810, 0x057d0000)
  from space 1728K,  26% used [0x057d0000, 0x05841ab0, 0x05980000)
  to   space 1728K,   0% used [0x05980000, 0x05980000, 0x05b30000)
 tenured generation   total 35044K, used 31493K [0x09f50000, 0x0c189000, 0x14a00000)
   the space 35044K,  89% used [0x09f50000, 0x0be114f0, 0x0be11600, 0x0c189000)
 Metaspace       used 4579K, capacity 5436K, committed 5504K, reserved 5504K
Event: 4.444 GC heap after
Heap after GC invocations=37 (full 7):
 def new generation   total 15808K, used 0K [0x04a00000, 0x05b20000, 0x09f50000)
  eden space 14080K,   0% used [0x04a00000, 0x04a00000, 0x057c0000)
  from space 1728K,   0% used [0x057c0000, 0x057c0000, 0x05970000)
  to   space 1728K,   0% used [0x05970000, 0x05970000, 0x05b20000)
 tenured generation   total 35044K, used 18642K [0x09f50000, 0x0c189000, 0x14a00000)
   the space 35044K,  53% used [0x09f50000, 0x0b184a78, 0x0b184c00, 0x0c189000)
 Metaspace       used 4579K, capacity 5436K, committed 5504K, reserved 5504K
}
Event: 4.534 GC heap before
{Heap before GC invocations=37 (full 7):
 def new generation   total 15808K, used 14080K [0x04a00000, 0x05b20000, 0x09f50000)
  eden space 14080K, 100% used [0x04a00000, 0x057c0000, 0x057c0000)
  from space 1728K,   0% used [0x057c0000, 0x057c0000, 0x05970000)
  to   space 1728K,   0% used [0x05970000, 0x05970000, 0x05b20000)
 tenured generation   total 35044K, used 34459K [0x09f50000, 0x0c189000, 0x14a00000)
   the space 35044K,  98% used [0x09f50000, 0x0c0f6ee0, 0x0c0f7000, 0x0c189000)
 Metaspace       used 4594K, capacity 5436K, committed 5504K, reserved 5504K
Event: 4.535 GC heap after
Heap after GC invocations=38 (full 7):
 def new generation   total 15808K, used 581K [0x04a00000, 0x05b20000, 0x09f50000)
  eden space 14080K,   0% used [0x04a00000, 0x04a00000, 0x057c0000)
  from space 1728K,  33% used [0x05970000, 0x05a014a8, 0x05b20000)
  to   space 1728K,   0% used [0x057c0000, 0x057c0000, 0x05970000)
 tenured generation   total 35044K, used 34459K [0x09f50000, 0x0c189000, 0x14a00000)
   the space 35044K,  98% used [0x09f50000, 0x0c0f6ee0, 0x0c0f7000, 0x0c189000)
 Metaspace       used 4594K, capacity 5436K, committed 5504K, reserved 5504K
}
Event: 4.860 GC heap before
{Heap before GC invocations=38 (full 7):
 def new generation   total 15808K, used 14661K [0x04a00000, 0x05b20000, 0x09f50000)
  eden space 14080K, 100% used [0x04a00000, 0x057c0000, 0x057c0000)
  from space 1728K,  33% used [0x05970000, 0x05a014a8, 0x05b20000)
  to   space 1728K,   0% used [0x057c0000, 0x057c0000, 0x05970000)
 tenured generation   total 35044K, used 34459K [0x09f50000, 0x0c189000, 0x14a00000)
   the space 35044K,  98% used [0x09f50000, 0x0c0f6ee0, 0x0c0f7000, 0x0c189000)
 Metaspace       used 4936K, capacity 5800K, committed 5888K, reserved 6528K
Event: 4.862 GC heap after
Heap after GC invocations=39 (full 7):
 def new generation   total 15808K, used 1593K [0x04a00000, 0x05b20000, 0x09f50000)
  eden space 14080K,   0% used [0x04a00000, 0x04a00000, 0x057c0000)
  from space 1728K,  92% used [0x057c0000, 0x0594e4a8, 0x05970000)
  to   space 1728K,   0% used [0x05970000, 0x05970000, 0x05b20000)
 tenured generation   total 35044K, used 34459K [0x09f50000, 0x0c189000, 0x14a00000)
   the space 35044K,  98% used [0x09f50000, 0x0c0f6ee0, 0x0c0f7000, 0x0c189000)
 Metaspace       used 4936K, capacity 5800K, committed 5888K, reserved 6528K
}

