# JRE version: Java(TM) SE Runtime Environment (8.0_291-b10) (build 1.8.0_291-b10)
# Java VM: Java HotSpot(TM) Client VM (25.291-b10 mixed mode, sharing windows-x86 )
Heap:
 def new generation   total 4992K, used 1706K [0x04600000, 0x04b60000, 0x09b50000)
  eden space 4480K,  26% used [0x04600000, 0x0472a8f0, 0x04a60000)
  from space 512K, 100% used [0x04ae0000, 0x04b60000, 0x04b60000)
  to   space 512K,   0% used [0x04a60000, 0x04a60000, 0x04ae0000)
 tenured generation   total 10944K, used 7905K [0x09b50000, 0x0a600000, 0x14600000)
   the space 10944K,  72% used [0x09b50000, 0x0a3086d8, 0x0a308800, 0x0a600000)
 Metaspace       used 3970K, capacity 5118K, committed 5120K, reserved 5504K
GC Heap History (10 events):
Event: 5.258 GC heap before
{Heap before GC invocations=4 (full 0):
 def new generation   total 4928K, used 3523K [0x04600000, 0x04b50000, 0x09b50000)
  eden space 4416K,  69% used [0x04600000, 0x048ffc70, 0x04a50000)
  from space 512K,  88% used [0x04a50000, 0x04ac1000, 0x04ad0000)
  to   space 512K,   0% used [0x04ad0000, 0x04ad0000, 0x04b50000)
 tenured generation   total 10944K, used 3797K [0x09b50000, 0x0a600000, 0x14600000)
   the space 10944K,  34% used [0x09b50000, 0x09f05608, 0x09f05800, 0x0a600000)
 Metaspace       used 1715K, capacity 3084K, committed 3136K, reserved 4480K
Event: 5.264 GC heap after
Heap after GC invocations=5 (full 1):
 def new generation   total 4992K, used 0K [0x04600000, 0x04b60000, 0x09b50000)
  eden space 4480K,   0% used [0x04600000, 0x04600000, 0x04a60000)
  from space 512K,   0% used [0x04a60000, 0x04a60000, 0x04ae0000)
  to   space 512K,   0% used [0x04ae0000, 0x04ae0000, 0x04b60000)
 tenured generation   total 10944K, used 5692K [0x09b50000, 0x0a600000, 0x14600000)
   the space 10944K,  52% used [0x09b50000, 0x0a0df318, 0x0a0df400, 0x0a600000)
 Metaspace       used 1715K, capacity 3084K, committed 3136K, reserved 4480K
}
Event: 5.264 GC heap before
{Heap before GC invocations=5 (full 1):
 def new generation   total 4992K, used 44K [0x04600000, 0x04b60000, 0x09b50000)
  eden space 4480K,   0% used [0x04600000, 0x0460b2b0, 0x04a60000)
  from space 512K,   0% used [0x04a60000, 0x04a60000, 0x04ae0000)
  to   space 512K,   0% used [0x04ae0000, 0x04ae0000, 0x04b60000)
 tenured generation   total 10944K, used 5692K [0x09b50000, 0x0a600000, 0x14600000)
   the space 10944K,  52% used [0x09b50000, 0x0a0df318, 0x0a0df400, 0x0a600000)
 Metaspace       used 1715K, capacity 3084K, committed 3136K, reserved 4480K
Event: 5.269 GC heap after
Heap after GC invocations=6 (full 2):
 def new generation   total 4992K, used 0K [0x04600000, 0x04b60000, 0x09b50000)
  eden space 4480K,   0% used [0x04600000, 0x04600000, 0x04a60000)
  from space 512K,   0% used [0x04a60000, 0x04a60000, 0x04ae0000)
  to   space 512K,   0% used [0x04ae0000, 0x04ae0000, 0x04b60000)
 tenured generation   total 10944K, used 5693K [0x09b50000, 0x0a600000, 0x14600000)
   the space 10944K,  52% used [0x09b50000, 0x0a0df580, 0x0a0df600, 0x0a600000)
 Metaspace       used 1715K, capacity 3084K, committed 3136K, reserved 4480K
}
Event: 5.853 GC heap before
{Heap before GC invocations=6 (full 2):
 def new generation   total 4992K, used 4480K [0x04600000, 0x04b60000, 0x09b50000)
  eden space 4480K, 100% used [0x04600000, 0x04a60000, 0x04a60000)
  from space 512K,   0% used [0x04a60000, 0x04a60000, 0x04ae0000)
  to   space 512K,   0% used [0x04ae0000, 0x04ae0000, 0x04b60000)
 tenured generation   total 10944K, used 5693K [0x09b50000, 0x0a600000, 0x14600000)
   the space 10944K,  52% used [0x09b50000, 0x0a0df580, 0x0a0df600, 0x0a600000)
 Metaspace       used 2476K, capacity 3774K, committed 3776K, reserved 4480K
Event: 5.856 GC heap after
Heap after GC invocations=7 (full 2):
 def new generation   total 4992K, used 512K [0x04600000, 0x04b60000, 0x09b50000)
  eden space 4480K,   0% used [0x04600000, 0x04600000, 0x04a60000)
  from space 512K, 100% used [0x04ae0000, 0x04b60000, 0x04b60000)
  to   space 512K,   0% used [0x04a60000, 0x04a60000, 0x04ae0000)
 tenured generation   total 10944K, used 6110K [0x09b50000, 0x0a600000, 0x14600000)
   the space 10944K,  55% used [0x09b50000, 0x0a147b78, 0x0a147c00, 0x0a600000)
 Metaspace       used 2476K, capacity 3774K, committed 3776K, reserved 4480K
}
Event: 5.989 GC heap before
{Heap before GC invocations=7 (full 2):
 def new generation   total 4992K, used 4988K [0x04600000, 0x04b60000, 0x09b50000)
  eden space 4480K,  99% used [0x04600000, 0x04a5f080, 0x04a60000)
  from space 512K, 100% used [0x04ae0000, 0x04b60000, 0x04b60000)
  to   space 512K,   0% used [0x04a60000, 0x04a60000, 0x04ae0000)
 tenured generation   total 10944K, used 6110K [0x09b50000, 0x0a600000, 0x14600000)
   the space 10944K,  55% used [0x09b50000, 0x0a147b78, 0x0a147c00, 0x0a600000)
 Metaspace       used 3175K, capacity 4350K, committed 4416K, reserved 4480K
Event: 5.993 GC heap after
Heap after GC invocations=8 (full 2):
 def new generation   total 4992K, used 512K [0x04600000, 0x04b60000, 0x09b50000)
  eden space 4480K,   0% used [0x04600000, 0x04600000, 0x04a60000)
  from space 512K, 100% used [0x04a60000, 0x04ae0000, 0x04ae0000)
  to   space 512K,   0% used [0x04ae0000, 0x04ae0000, 0x04b60000)
 tenured generation   total 10944K, used 7201K [0x09b50000, 0x0a600000, 0x14600000)
   the space 10944K,  65% used [0x09b50000, 0x0a2586b8, 0x0a258800, 0x0a600000)
 Metaspace       used 3175K, capacity 4350K, committed 4416K, reserved 4480K
}
Event: 6.061 GC heap before
{Heap before GC invocations=8 (full 2):
 def new generation   total 4992K, used 4992K [0x04600000, 0x04b60000, 0x09b50000)
  eden space 4480K, 100% used [0x04600000, 0x04a60000, 0x04a60000)
  from space 512K, 100% used [0x04a60000, 0x04ae0000, 0x04ae0000)
  to   space 512K,   0% used [0x04ae0000, 0x04ae0000, 0x04b60000)
 tenured generation   total 10944K, used 7201K [0x09b50000, 0x0a600000, 0x14600000)
   the space 10944K,  65% used [0x09b50000, 0x0a2586b8, 0x0a258800, 0x0a600000)
 Metaspace       used 3789K, capacity 4926K, committed 4992K, reserved 5504K
Event: 6.066 GC heap after
Heap after GC invocations=9 (full 2):
 def new generation   total 4992K, used 512K [0x04600000, 0x04b60000, 0x09b50000)
  eden space 4480K,   0% used [0x04600000, 0x04600000, 0x04a60000)
  from space 512K, 100% used [0x04ae0000, 0x04b60000, 0x04b60000)
  to   space 512K,   0% used [0x04a60000, 0x04a60000, 0x04ae0000)
 tenured generation   total 10944K, used 7905K [0x09b50000, 0x0a600000, 0x14600000)
   the space 10944K,  72% used [0x09b50000, 0x0a3086d8, 0x0a308800, 0x0a600000)
 Metaspace       used 3789K, capacity 4926K, committed 4992K, reserved 5504K
}

